tuning_app/tuning_app/build/android-arm64-v8a/android-build/build/intermediates/manifest_merge_blame_file/release/processReleaseMainManifest/manifest-merger-blame-release-report.txt
1<?xml version="1.0" encoding="utf-8"?>
2<!--
3  This manifest is merged with Qt's default manifest during the Gradle build.
4  Keep it minimal: only add what you need to augment defaults.
5-->
6<manifest xmlns:android="http://schemas.android.com/apk/res/android"
7    package="com.example.tuning_app" >
8
9    <uses-sdk
10        android:minSdkVersion="28"
11        android:targetSdkVersion="34" />
12
13    <!-- Networking for WebSockets/Network -->
14    <uses-permission android:name="android.permission.INTERNET" />
14-->android-arm64-v8a/android-build/AndroidManifest.xml:10:5-67
14-->android-arm64-v8a/android-build/AndroidManifest.xml:10:22-64
15
16    <permission
16-->[androidx.core:core:1.13.1] AndroidManifest.xml:22:5-24:47
17        android:name="com.example.tuning_app.DYNAMIC_RECEIVER_NOT_EXPORTED_PERMISSION"
17-->[androidx.core:core:1.13.1] AndroidManifest.xml:23:9-81
18        android:protectionLevel="signature" />
18-->[androidx.core:core:1.13.1] AndroidManifest.xml:24:9-44
19
20    <uses-permission android:name="com.example.tuning_app.DYNAMIC_RECEIVER_NOT_EXPORTED_PERMISSION" /> <!-- Add more permissions if required (e.g., ACCESS_NETWORK_STATE) -->
20-->[androidx.core:core:1.13.1] AndroidManifest.xml:26:5-97
20-->[androidx.core:core:1.13.1] AndroidManifest.xml:26:22-94
21    <application
22        android:appComponentFactory="androidx.core.app.CoreComponentFactory"
22-->[androidx.core:core:1.13.1] AndroidManifest.xml:28:18-86
23        android:extractNativeLibs="true" >
24        <provider
24-->[androidx.profileinstaller:profileinstaller:1.3.0] AndroidManifest.xml:24:9-32:20
25            android:name="androidx.startup.InitializationProvider"
25-->[androidx.profileinstaller:profileinstaller:1.3.0] AndroidManifest.xml:25:13-67
26            android:authorities="com.example.tuning_app.androidx-startup"
26-->[androidx.profileinstaller:profileinstaller:1.3.0] AndroidManifest.xml:26:13-68
27            android:exported="false" >
27-->[androidx.profileinstaller:profileinstaller:1.3.0] AndroidManifest.xml:27:13-37
28            <meta-data
28-->[androidx.profileinstaller:profileinstaller:1.3.0] AndroidManifest.xml:29:13-31:52
29                android:name="androidx.profileinstaller.ProfileInstallerInitializer"
29-->[androidx.profileinstaller:profileinstaller:1.3.0] AndroidManifest.xml:30:17-85
30                android:value="androidx.startup" />
30-->[androidx.profileinstaller:profileinstaller:1.3.0] AndroidManifest.xml:31:17-49
31        </provider>
32
33        <receiver
33-->[androidx.profileinstaller:profileinstaller:1.3.0] AndroidManifest.xml:34:9-52:20
34            android:name="androidx.profileinstaller.ProfileInstallReceiver"
34-->[androidx.profileinstaller:profileinstaller:1.3.0] AndroidManifest.xml:35:13-76
35            android:directBootAware="false"
35-->[androidx.profileinstaller:profileinstaller:1.3.0] AndroidManifest.xml:36:13-44
36            android:enabled="true"
36-->[androidx.profileinstaller:profileinstaller:1.3.0] AndroidManifest.xml:37:13-35
37            android:exported="true"
37-->[androidx.profileinstaller:profileinstaller:1.3.0] AndroidManifest.xml:38:13-36
38            android:permission="android.permission.DUMP" >
38-->[androidx.profileinstaller:profileinstaller:1.3.0] AndroidManifest.xml:39:13-57
39            <intent-filter>
39-->[androidx.profileinstaller:profileinstaller:1.3.0] AndroidManifest.xml:40:13-42:29
40                <action android:name="androidx.profileinstaller.action.INSTALL_PROFILE" />
40-->[androidx.profileinstaller:profileinstaller:1.3.0] AndroidManifest.xml:41:17-91
40-->[androidx.profileinstaller:profileinstaller:1.3.0] AndroidManifest.xml:41:25-88
41            </intent-filter>
42            <intent-filter>
42-->[androidx.profileinstaller:profileinstaller:1.3.0] AndroidManifest.xml:43:13-45:29
43                <action android:name="androidx.profileinstaller.action.SKIP_FILE" />
43-->[androidx.profileinstaller:profileinstaller:1.3.0] AndroidManifest.xml:44:17-85
43-->[androidx.profileinstaller:profileinstaller:1.3.0] AndroidManifest.xml:44:25-82
44            </intent-filter>
45            <intent-filter>
45-->[androidx.profileinstaller:profileinstaller:1.3.0] AndroidManifest.xml:46:13-48:29
46                <action android:name="androidx.profileinstaller.action.SAVE_PROFILE" />
46-->[androidx.profileinstaller:profileinstaller:1.3.0] AndroidManifest.xml:47:17-88
46-->[androidx.profileinstaller:profileinstaller:1.3.0] AndroidManifest.xml:47:25-85
47            </intent-filter>
48            <intent-filter>
48-->[androidx.profileinstaller:profileinstaller:1.3.0] AndroidManifest.xml:49:13-51:29
49                <action android:name="androidx.profileinstaller.action.BENCHMARK_OPERATION" />
49-->[androidx.profileinstaller:profileinstaller:1.3.0] AndroidManifest.xml:50:17-95
49-->[androidx.profileinstaller:profileinstaller:1.3.0] AndroidManifest.xml:50:25-92
50            </intent-filter>
51        </receiver>
52    </application>
53
54</manifest>